{"level":"info","message":"test"}
{"level":"info","message":"test"}
{"level":"info","message":"test"}
{"level":"info","message":"test"}
{"level":"info","message":"test"}
{"level":"info","message":"test"}
{"level":"info","message":"test"}
{"level":"info","message":"test"}
{"level":"info","message":"test"}
{"level":"info","message":"test"}
{"level":"info","message":"test"}
{"level":"info","message":"Listening on port 3000"}
{"level":"info","message":"Connected to MongoDB"}
{"level":"info","message":"test"}
{"level":"info","message":"Listening on port 3000"}
{"level":"info","message":"Connected to MongoDB"}
{"level":"info","message":"test"}
{"level":"info","message":"Listening on port 3000"}
{"level":"info","message":"Connected to MongoDB"}
{"level":"info","message":"Redis client connected"}
{"level":"info","message":"Redis client ready"}
{"level":"info","message":"test"}
{"level":"info","message":"Connected to MongoDB"}
{"level":"info","message":"Listening on port 3000"}
{"level":"info","message":"Redis client connected"}
{"level":"info","message":"Redis client ready"}
{"level":"info","message":"test"}
{"level":"info","message":"test"}
{"level":"info","message":"Redis client connected"}
{"level":"info","message":"Redis client ready"}
